<?xml version="1.0" encoding="UTF-8"?>
<!-- Generated by org.testng.reporters.JUnitReportReporter -->
<testsuite hostname="DESKTOP-H8UFEGG" failures="0" tests="2" name="com.runner.PBLoginRunner" time="0.125" errors="0" timestamp="21 Oct 2024 01:59:49 GMT" skipped="0">
  <testcase classname="com.runner.PBLoginRunner" name="runScenario" time="0.011"/>
  <testcase classname="com.runner.PBLoginRunner" name="runScenario" time="0.114"/>
</testsuite> <!-- com.runner.PBLoginRunner -->
