<?xml version="1.0" encoding="UTF-8"?>
<!-- Generated by org.testng.reporters.JUnitReportReporter -->
<testsuite hostname="DESKTOP-H8UFEGG" failures="0" tests="1" name="com.runner.RunnerAllFeatures" time="0.112" errors="0" timestamp="21 Oct 2024 02:26:33 GMT" skipped="0">
  <testcase classname="com.runner.RunnerAllFeatures" name="runScenario" time="0.112"/>
</testsuite> <!-- com.runner.RunnerAllFeatures -->
