<?xml version="1.0" encoding="UTF-8"?>
<!-- Generated by org.testng.reporters.JUnitReportReporter -->
<testsuite hostname="DESKTOP-H8UFEGG" failures="0" tests="2" name="com.runner.PBLoginRunner" time="0.104" errors="0" timestamp="21 Oct 2024 02:49:01 GMT" skipped="0">
  <testcase classname="com.runner.PBLoginRunner" name="runScenario" time="0.008"/>
  <testcase classname="com.runner.PBLoginRunner" name="runScenario" time="0.096"/>
</testsuite> <!-- com.runner.PBLoginRunner -->
