<?xml version="1.0" encoding="UTF-8"?>
<!-- Generated by org.testng.reporters.JUnitReportReporter -->
<testsuite hostname="DESKTOP-H8UFEGG" failures="0" tests="1" name="com.runner.PBLogoutRunner" time="0.009" errors="0" timestamp="21 Oct 2024 02:49:01 GMT" skipped="0">
  <testcase classname="com.runner.PBLogoutRunner" name="runScenario" time="0.009"/>
</testsuite> <!-- com.runner.PBLogoutRunner -->
